<?xml version="1.0" encoding="UTF-8"?>
<!-- Generated by org.testng.reporters.JUnitReportReporter -->
<testsuite hostname="AVRAUH019L" failures="0" tests="6" name="com.qa.testcases.AddRemoveProductTest" time="44.230" errors="0" timestamp="2021-10-31T00:20:45 GST" skipped="0">
  <testcase classname="com.qa.testcases.AddRemoveProductTest" name="compareproductnameproductlistandproductdetails" time="9.077"/>
  <system-out/>
  <testcase classname="com.qa.testcases.AddRemoveProductTest" name="compareproductpriceproductlistandproductdetails" time="4.369"/>
  <system-out/>
  <testcase classname="com.qa.testcases.AddRemoveProductTest" name="productdetailsincreaseproductqty" time="12.554"/>
  <system-out/>
  <testcase classname="com.qa.testcases.AddRemoveProductTest" name="verifyhomescreencartbuttonquantity" time="5.132"/>
  <system-out/>
  <testcase classname="com.qa.testcases.AddRemoveProductTest" name="verifynavigationtocheckout" time="5.537"/>
  <system-out/>
  <testcase classname="com.qa.testcases.AddRemoveProductTest" name="verifyremoveproductfrombasket" time="7.561"/>
  <system-out/>
</testsuite> <!-- com.qa.testcases.AddRemoveProductTest -->
